2013/06/10 23:18:48 [error] [exception.CHttpException.404] exception 'CHttpException' with message 'Unable to resolve the request "gi".' in /Applications/MAMP/htdocs/yii/framework/web/CWebApplication.php:286
Stack trace:
#0 /Applications/MAMP/htdocs/yii/framework/web/CWebApplication.php(141): CWebApplication->runController('gi')
#1 /Applications/MAMP/htdocs/yii/framework/base/CApplication.php(169): CWebApplication->processRequest()
#2 /Applications/MAMP/htdocs/yii/demos/sg/index.php(13): CApplication->run()
#3 {main}
REQUEST_URI=/yii/demos/sg/index.php?r=gi
---
2013/06/10 23:20:09 [error] [system.db.CDbCommand] CDbCommand::fetchAll() failed: SQLSTATE[42S02]: Base table or view not found: 1146 Table 'sgblog.tbl_use' doesn't exist. The SQL statement executed was: SHOW FULL COLUMNS FROM `tbl_use`.
in /Applications/MAMP/htdocs/yii/demos/sg/index.php (13)
2013/06/10 23:27:33 [error] [system.db.CDbCommand] CDbCommand::execute() failed: SQLSTATE[23000]: Integrity constraint violation: 1452 Cannot add or update a child row: a foreign key constraint fails (`sgblog`.`tbl_post`, CONSTRAINT `FK_post_author` FOREIGN KEY (`author_id`) REFERENCES `tbl_user` (`id`) ON DELETE CASCADE). The SQL statement executed was: INSERT INTO `tbl_post` (`title`, `begin_time`, `end_time`, `location`, `content`, `tags`, `status`, `create_time`, `update_time`, `author_id`) VALUES (:yp0, :yp1, :yp2, :yp3, :yp4, :yp5, :yp6, :yp7, :yp8, :yp9).
in /Applications/MAMP/htdocs/yii/demos/sg/protected/controllers/PostController.php (73)
in /Applications/MAMP/htdocs/yii/demos/sg/index.php (13)
2013/06/10 23:27:33 [error] [exception.CDbException] exception 'CDbException' with message 'CDbCommand failed to execute the SQL statement: SQLSTATE[23000]: Integrity constraint violation: 1452 Cannot add or update a child row: a foreign key constraint fails (`sgblog`.`tbl_post`, CONSTRAINT `FK_post_author` FOREIGN KEY (`author_id`) REFERENCES `tbl_user` (`id`) ON DELETE CASCADE). The SQL statement executed was: INSERT INTO `tbl_post` (`title`, `begin_time`, `end_time`, `location`, `content`, `tags`, `status`, `create_time`, `update_time`, `author_id`) VALUES (:yp0, :yp1, :yp2, :yp3, :yp4, :yp5, :yp6, :yp7, :yp8, :yp9)' in /Applications/MAMP/htdocs/yii/framework/db/CDbCommand.php:357
Stack trace:
#0 /Applications/MAMP/htdocs/yii/framework/db/ar/CActiveRecord.php(1023): CDbCommand->execute()
#1 /Applications/MAMP/htdocs/yii/framework/db/ar/CActiveRecord.php(795): CActiveRecord->insert(NULL)
#2 /Applications/MAMP/htdocs/yii/demos/sg/protected/controllers/PostController.php(73): CActiveRecord->save()
#3 /Applications/MAMP/htdocs/yii/framework/web/actions/CInlineAction.php(49): PostController->actionCreate()
#4 /Applications/MAMP/htdocs/yii/framework/web/CController.php(308): CInlineAction->runWithParams(Array)
#5 /Applications/MAMP/htdocs/yii/framework/web/filters/CFilterChain.php(133): CController->runAction(Object(CInlineAction))
#6 /Applications/MAMP/htdocs/yii/framework/web/filters/CFilter.php(40): CFilterChain->run()
#7 /Applications/MAMP/htdocs/yii/framework/web/CController.php(1145): CFilter->filter(Object(CFilterChain))
#8 /Applications/MAMP/htdocs/yii/framework/web/filters/CInlineFilter.php(58): CController->filterAccessControl(Object(CFilterChain))
#9 /Applications/MAMP/htdocs/yii/framework/web/filters/CFilterChain.php(130): CInlineFilter->filter(Object(CFilterChain))
#10 /Applications/MAMP/htdocs/yii/framework/web/CController.php(291): CFilterChain->run()
#11 /Applications/MAMP/htdocs/yii/framework/web/CController.php(265): CController->runActionWithFilters(Object(CInlineAction), Array)
#12 /Applications/MAMP/htdocs/yii/framework/web/CWebApplication.php(282): CController->run('create')
#13 /Applications/MAMP/htdocs/yii/framework/web/CWebApplication.php(141): CWebApplication->runController('post/create')
#14 /Applications/MAMP/htdocs/yii/framework/base/CApplication.php(169): CWebApplication->processRequest()
#15 /Applications/MAMP/htdocs/yii/demos/sg/index.php(13): CApplication->run()
#16 {main}
REQUEST_URI=/yii/demos/sg/index.php?r=post/create
HTTP_REFERER=http://127.0.0.1/yii/demos/sg/index.php?r=post/create
---
2013/06/11 00:04:25 [error] [exception.CException] exception 'CException' with message 'Property "User.salt" is not defined.' in /Applications/MAMP/htdocs/yii/framework/base/CComponent.php:130
Stack trace:
#0 /Applications/MAMP/htdocs/yii/framework/db/ar/CActiveRecord.php(143): CComponent->__get('salt')
#1 /Applications/MAMP/htdocs/yii/demos/sg/protected/models/User.php(103): CActiveRecord->__get('salt')
#2 /Applications/MAMP/htdocs/yii/demos/sg/protected/components/UserIdentity.php(27): User->validatePassword('demo')
#3 /Applications/MAMP/htdocs/yii/demos/sg/protected/models/LoginForm.php(52): UserIdentity->authenticate()
#4 /Applications/MAMP/htdocs/yii/framework/validators/CInlineValidator.php(42): LoginForm->authenticate('password', Array)
#5 /Applications/MAMP/htdocs/yii/framework/validators/CValidator.php(213): CInlineValidator->validateAttribute(Object(LoginForm), 'password')
#6 /Applications/MAMP/htdocs/yii/framework/base/CModel.php(159): CValidator->validate(Object(LoginForm), NULL)
#7 /Applications/MAMP/htdocs/yii/demos/sg/protected/controllers/SiteController.php(94): CModel->validate()
#8 /Applications/MAMP/htdocs/yii/framework/web/actions/CInlineAction.php(49): SiteController->actionLogin()
#9 /Applications/MAMP/htdocs/yii/framework/web/CController.php(308): CInlineAction->runWithParams(Array)
#10 /Applications/MAMP/htdocs/yii/framework/web/CController.php(286): CController->runAction(Object(CInlineAction))
#11 /Applications/MAMP/htdocs/yii/framework/web/CController.php(265): CController->runActionWithFilters(Object(CInlineAction), Array)
#12 /Applications/MAMP/htdocs/yii/framework/web/CWebApplication.php(282): CController->run('login')
#13 /Applications/MAMP/htdocs/yii/framework/web/CWebApplication.php(141): CWebApplication->runController('site/login')
#14 /Applications/MAMP/htdocs/yii/framework/base/CApplication.php(169): CWebApplication->processRequest()
#15 /Applications/MAMP/htdocs/yii/demos/sg/index.php(13): CApplication->run()
#16 {main}
REQUEST_URI=/yii/demos/sg/index.php?r=site/login
HTTP_REFERER=http://127.0.0.1/yii/demos/sg/index.php?r=site/login
---
2013/06/11 00:07:40 [error] [exception.CException] exception 'CException' with message 'Property "User.salt" is not defined.' in /Applications/MAMP/htdocs/yii/framework/base/CComponent.php:130
Stack trace:
#0 /Applications/MAMP/htdocs/yii/framework/db/ar/CActiveRecord.php(143): CComponent->__get('salt')
#1 /Applications/MAMP/htdocs/yii/demos/sg/protected/models/User.php(103): CActiveRecord->__get('salt')
#2 /Applications/MAMP/htdocs/yii/demos/sg/protected/components/UserIdentity.php(27): User->validatePassword('demo')
#3 /Applications/MAMP/htdocs/yii/demos/sg/protected/models/LoginForm.php(52): UserIdentity->authenticate()
#4 /Applications/MAMP/htdocs/yii/framework/validators/CInlineValidator.php(42): LoginForm->authenticate('password', Array)
#5 /Applications/MAMP/htdocs/yii/framework/validators/CValidator.php(213): CInlineValidator->validateAttribute(Object(LoginForm), 'password')
#6 /Applications/MAMP/htdocs/yii/framework/base/CModel.php(159): CValidator->validate(Object(LoginForm), NULL)
#7 /Applications/MAMP/htdocs/yii/demos/sg/protected/controllers/SiteController.php(94): CModel->validate()
#8 /Applications/MAMP/htdocs/yii/framework/web/actions/CInlineAction.php(49): SiteController->actionLogin()
#9 /Applications/MAMP/htdocs/yii/framework/web/CController.php(308): CInlineAction->runWithParams(Array)
#10 /Applications/MAMP/htdocs/yii/framework/web/CController.php(286): CController->runAction(Object(CInlineAction))
#11 /Applications/MAMP/htdocs/yii/framework/web/CController.php(265): CController->runActionWithFilters(Object(CInlineAction), Array)
#12 /Applications/MAMP/htdocs/yii/framework/web/CWebApplication.php(282): CController->run('login')
#13 /Applications/MAMP/htdocs/yii/framework/web/CWebApplication.php(141): CWebApplication->runController('site/login')
#14 /Applications/MAMP/htdocs/yii/framework/base/CApplication.php(169): CWebApplication->processRequest()
#15 /Applications/MAMP/htdocs/yii/demos/sg/index.php(13): CApplication->run()
#16 {main}
REQUEST_URI=/yii/demos/sg/index.php?r=site/login
HTTP_REFERER=http://127.0.0.1/yii/demos/sg/index.php?r=site/login
---
2013/06/11 00:12:52 [error] [php] Undefined variable: salt (/Applications/MAMP/htdocs/yii/demos/sg/protected/models/User.php:108)
Stack trace:
#0 /Applications/MAMP/htdocs/yii/demos/sg/protected/models/LoginForm.php(52): UserIdentity->authenticate()
#1 /Applications/MAMP/htdocs/yii/framework/validators/CInlineValidator.php(42): LoginForm->authenticate()
#2 /Applications/MAMP/htdocs/yii/framework/validators/CValidator.php(213): CInlineValidator->validateAttribute()
#3 /Applications/MAMP/htdocs/yii/framework/base/CModel.php(159): CInlineValidator->validate()
#4 /Applications/MAMP/htdocs/yii/demos/sg/protected/controllers/SiteController.php(94): LoginForm->validate()
#5 /Applications/MAMP/htdocs/yii/framework/web/actions/CInlineAction.php(49): SiteController->actionLogin()
#6 /Applications/MAMP/htdocs/yii/framework/web/CController.php(308): CInlineAction->runWithParams()
#7 /Applications/MAMP/htdocs/yii/framework/web/CController.php(286): SiteController->runAction()
#8 /Applications/MAMP/htdocs/yii/framework/web/CController.php(265): SiteController->runActionWithFilters()
#9 /Applications/MAMP/htdocs/yii/framework/web/CWebApplication.php(282): SiteController->run()
#10 /Applications/MAMP/htdocs/yii/framework/web/CWebApplication.php(141): CWebApplication->runController()
#11 /Applications/MAMP/htdocs/yii/framework/base/CApplication.php(169): CWebApplication->processRequest()
#12 /Applications/MAMP/htdocs/yii/demos/sg/index.php(13): CWebApplication->run()
REQUEST_URI=/yii/demos/sg/index.php?r=site/login
in /Applications/MAMP/htdocs/yii/demos/sg/protected/models/User.php (108)
in /Applications/MAMP/htdocs/yii/demos/sg/protected/models/User.php (103)
in /Applications/MAMP/htdocs/yii/demos/sg/protected/components/UserIdentity.php (27)
2013/06/11 00:36:19 [error] [system.db.CDbCommand] CDbCommand::fetchAll() failed: SQLSTATE[42S02]: Base table or view not found: 1146 Table 'sgblog.{{user}}' doesn't exist. The SQL statement executed was: SHOW FULL COLUMNS FROM `{{user}}`.
in /Applications/MAMP/htdocs/yii/demos/sg/protected/models/User.php (25)
in /Applications/MAMP/htdocs/yii/demos/sg/protected/components/UserIdentity.php (23)
in /Applications/MAMP/htdocs/yii/demos/sg/protected/models/LoginForm.php (52)
2013/06/11 00:36:19 [error] [exception.CDbException] exception 'CDbException' with message 'The table "{{user}}" for active record class "User" cannot be found in the database.' in /Applications/MAMP/htdocs/yii/framework/db/ar/CActiveRecord.php:2310
Stack trace:
#0 /Applications/MAMP/htdocs/yii/framework/db/ar/CActiveRecord.php(387): CActiveRecordMetaData->__construct(Object(User))
#1 /Applications/MAMP/htdocs/yii/demos/sg/protected/models/User.php(25): CActiveRecord::model('User')
#2 /Applications/MAMP/htdocs/yii/demos/sg/protected/components/UserIdentity.php(23): User::model()
#3 /Applications/MAMP/htdocs/yii/demos/sg/protected/models/LoginForm.php(52): UserIdentity->authenticate()
#4 /Applications/MAMP/htdocs/yii/framework/validators/CInlineValidator.php(42): LoginForm->authenticate('password', Array)
#5 /Applications/MAMP/htdocs/yii/framework/validators/CValidator.php(213): CInlineValidator->validateAttribute(Object(LoginForm), 'password')
#6 /Applications/MAMP/htdocs/yii/framework/base/CModel.php(159): CValidator->validate(Object(LoginForm), NULL)
#7 /Applications/MAMP/htdocs/yii/demos/sg/protected/controllers/SiteController.php(94): CModel->validate()
#8 /Applications/MAMP/htdocs/yii/framework/web/actions/CInlineAction.php(49): SiteController->actionLogin()
#9 /Applications/MAMP/htdocs/yii/framework/web/CController.php(308): CInlineAction->runWithParams(Array)
#10 /Applications/MAMP/htdocs/yii/framework/web/CController.php(286): CController->runAction(Object(CInlineAction))
#11 /Applications/MAMP/htdocs/yii/framework/web/CController.php(265): CController->runActionWithFilters(Object(CInlineAction), Array)
#12 /Applications/MAMP/htdocs/yii/framework/web/CWebApplication.php(282): CController->run('login')
#13 /Applications/MAMP/htdocs/yii/framework/web/CWebApplication.php(141): CWebApplication->runController('site/login')
#14 /Applications/MAMP/htdocs/yii/framework/base/CApplication.php(169): CWebApplication->processRequest()
#15 /Applications/MAMP/htdocs/yii/demos/sg/index.php(13): CApplication->run()
#16 {main}
REQUEST_URI=/yii/demos/sg/index.php?r=site/login
HTTP_REFERER=http://127.0.0.1/yii/demos/sg/index.php?r=site/login
---
2013/06/11 00:36:56 [error] [system.db.CDbCommand] CDbCommand::fetchAll() failed: SQLSTATE[42S02]: Base table or view not found: 1146 Table 'sgblog.{{user}}' doesn't exist. The SQL statement executed was: SHOW FULL COLUMNS FROM `{{user}}`.
in /Applications/MAMP/htdocs/yii/demos/sg/protected/models/User.php (25)
in /Applications/MAMP/htdocs/yii/demos/sg/protected/components/UserIdentity.php (23)
in /Applications/MAMP/htdocs/yii/demos/sg/protected/models/LoginForm.php (52)
2013/06/11 00:36:56 [error] [exception.CDbException] exception 'CDbException' with message 'The table "{{user}}" for active record class "User" cannot be found in the database.' in /Applications/MAMP/htdocs/yii/framework/db/ar/CActiveRecord.php:2310
Stack trace:
#0 /Applications/MAMP/htdocs/yii/framework/db/ar/CActiveRecord.php(387): CActiveRecordMetaData->__construct(Object(User))
#1 /Applications/MAMP/htdocs/yii/demos/sg/protected/models/User.php(25): CActiveRecord::model('User')
#2 /Applications/MAMP/htdocs/yii/demos/sg/protected/components/UserIdentity.php(23): User::model()
#3 /Applications/MAMP/htdocs/yii/demos/sg/protected/models/LoginForm.php(52): UserIdentity->authenticate()
#4 /Applications/MAMP/htdocs/yii/framework/validators/CInlineValidator.php(42): LoginForm->authenticate('password', Array)
#5 /Applications/MAMP/htdocs/yii/framework/validators/CValidator.php(213): CInlineValidator->validateAttribute(Object(LoginForm), 'password')
#6 /Applications/MAMP/htdocs/yii/framework/base/CModel.php(159): CValidator->validate(Object(LoginForm), NULL)
#7 /Applications/MAMP/htdocs/yii/demos/sg/protected/controllers/SiteController.php(94): CModel->validate()
#8 /Applications/MAMP/htdocs/yii/framework/web/actions/CInlineAction.php(49): SiteController->actionLogin()
#9 /Applications/MAMP/htdocs/yii/framework/web/CController.php(308): CInlineAction->runWithParams(Array)
#10 /Applications/MAMP/htdocs/yii/framework/web/CController.php(286): CController->runAction(Object(CInlineAction))
#11 /Applications/MAMP/htdocs/yii/framework/web/CController.php(265): CController->runActionWithFilters(Object(CInlineAction), Array)
#12 /Applications/MAMP/htdocs/yii/framework/web/CWebApplication.php(282): CController->run('login')
#13 /Applications/MAMP/htdocs/yii/framework/web/CWebApplication.php(141): CWebApplication->runController('site/login')
#14 /Applications/MAMP/htdocs/yii/framework/base/CApplication.php(169): CWebApplication->processRequest()
#15 /Applications/MAMP/htdocs/yii/demos/sg/index.php(13): CApplication->run()
#16 {main}
REQUEST_URI=/yii/demos/sg/index.php?r=site/login
HTTP_REFERER=http://127.0.0.1/yii/demos/sg/index.php?r=site/login
---
2013/06/11 00:38:26 [error] [system.db.CDbCommand] CDbCommand::fetchAll() failed: SQLSTATE[42S02]: Base table or view not found: 1146 Table 'sgblog.{{user}}' doesn't exist. The SQL statement executed was: SHOW FULL COLUMNS FROM `{{user}}`.
in /Applications/MAMP/htdocs/yii/demos/sg/protected/models/User.php (25)
in /Applications/MAMP/htdocs/yii/demos/sg/protected/components/UserIdentity.php (23)
in /Applications/MAMP/htdocs/yii/demos/sg/protected/models/LoginForm.php (52)
2013/06/11 00:38:26 [error] [exception.CDbException] exception 'CDbException' with message 'The table "{{user}}" for active record class "User" cannot be found in the database.' in /Applications/MAMP/htdocs/yii/framework/db/ar/CActiveRecord.php:2310
Stack trace:
#0 /Applications/MAMP/htdocs/yii/framework/db/ar/CActiveRecord.php(387): CActiveRecordMetaData->__construct(Object(User))
#1 /Applications/MAMP/htdocs/yii/demos/sg/protected/models/User.php(25): CActiveRecord::model('User')
#2 /Applications/MAMP/htdocs/yii/demos/sg/protected/components/UserIdentity.php(23): User::model()
#3 /Applications/MAMP/htdocs/yii/demos/sg/protected/models/LoginForm.php(52): UserIdentity->authenticate()
#4 /Applications/MAMP/htdocs/yii/framework/validators/CInlineValidator.php(42): LoginForm->authenticate('password', Array)
#5 /Applications/MAMP/htdocs/yii/framework/validators/CValidator.php(213): CInlineValidator->validateAttribute(Object(LoginForm), 'password')
#6 /Applications/MAMP/htdocs/yii/framework/base/CModel.php(159): CValidator->validate(Object(LoginForm), NULL)
#7 /Applications/MAMP/htdocs/yii/demos/sg/protected/controllers/SiteController.php(94): CModel->validate()
#8 /Applications/MAMP/htdocs/yii/framework/web/actions/CInlineAction.php(49): SiteController->actionLogin()
#9 /Applications/MAMP/htdocs/yii/framework/web/CController.php(308): CInlineAction->runWithParams(Array)
#10 /Applications/MAMP/htdocs/yii/framework/web/CController.php(286): CController->runAction(Object(CInlineAction))
#11 /Applications/MAMP/htdocs/yii/framework/web/CController.php(265): CController->runActionWithFilters(Object(CInlineAction), Array)
#12 /Applications/MAMP/htdocs/yii/framework/web/CWebApplication.php(282): CController->run('login')
#13 /Applications/MAMP/htdocs/yii/framework/web/CWebApplication.php(141): CWebApplication->runController('site/login')
#14 /Applications/MAMP/htdocs/yii/framework/base/CApplication.php(169): CWebApplication->processRequest()
#15 /Applications/MAMP/htdocs/yii/demos/sg/index.php(13): CApplication->run()
#16 {main}
REQUEST_URI=/yii/demos/sg/index.php?r=site/login
HTTP_REFERER=http://127.0.0.1/yii/demos/sg/index.php?r=site/login
---
2013/06/11 00:39:51 [error] [exception.CDbException] exception 'CDbException' with message 'CDbConnection failed to open the DB connection: SQLSTATE[42000] [1049] Unknown database 'sg'' in /Applications/MAMP/htdocs/yii/framework/db/CDbConnection.php:381
Stack trace:
#0 /Applications/MAMP/htdocs/yii/framework/db/CDbConnection.php(330): CDbConnection->open()
#1 /Applications/MAMP/htdocs/yii/framework/db/CDbConnection.php(308): CDbConnection->setActive(true)
#2 /Applications/MAMP/htdocs/yii/framework/base/CModule.php(387): CDbConnection->init()
#3 /Applications/MAMP/htdocs/yii/framework/base/CApplication.php(438): CModule->getComponent('db')
#4 /Applications/MAMP/htdocs/yii/framework/db/ar/CActiveRecord.php(623): CApplication->getDb()
#5 /Applications/MAMP/htdocs/yii/framework/db/ar/CActiveRecord.php(2309): CActiveRecord->getDbConnection()
#6 /Applications/MAMP/htdocs/yii/framework/db/ar/CActiveRecord.php(387): CActiveRecordMetaData->__construct(Object(User))
#7 /Applications/MAMP/htdocs/yii/demos/sg/protected/models/User.php(25): CActiveRecord::model('User')
#8 /Applications/MAMP/htdocs/yii/demos/sg/protected/components/UserIdentity.php(23): User::model()
#9 /Applications/MAMP/htdocs/yii/demos/sg/protected/models/LoginForm.php(52): UserIdentity->authenticate()
#10 /Applications/MAMP/htdocs/yii/framework/validators/CInlineValidator.php(42): LoginForm->authenticate('password', Array)
#11 /Applications/MAMP/htdocs/yii/framework/validators/CValidator.php(213): CInlineValidator->validateAttribute(Object(LoginForm), 'password')
#12 /Applications/MAMP/htdocs/yii/framework/base/CModel.php(159): CValidator->validate(Object(LoginForm), NULL)
#13 /Applications/MAMP/htdocs/yii/demos/sg/protected/controllers/SiteController.php(94): CModel->validate()
#14 /Applications/MAMP/htdocs/yii/framework/web/actions/CInlineAction.php(49): SiteController->actionLogin()
#15 /Applications/MAMP/htdocs/yii/framework/web/CController.php(308): CInlineAction->runWithParams(Array)
#16 /Applications/MAMP/htdocs/yii/framework/web/CController.php(286): CController->runAction(Object(CInlineAction))
#17 /Applications/MAMP/htdocs/yii/framework/web/CController.php(265): CController->runActionWithFilters(Object(CInlineAction), Array)
#18 /Applications/MAMP/htdocs/yii/framework/web/CWebApplication.php(282): CController->run('login')
#19 /Applications/MAMP/htdocs/yii/framework/web/CWebApplication.php(141): CWebApplication->runController('site/login')
#20 /Applications/MAMP/htdocs/yii/framework/base/CApplication.php(169): CWebApplication->processRequest()
#21 /Applications/MAMP/htdocs/yii/demos/sg/index.php(13): CApplication->run()
#22 {main}
REQUEST_URI=/yii/demos/sg/index.php?r=site/login
HTTP_REFERER=http://127.0.0.1/yii/demos/sg/index.php?r=site/login
---
2013/06/11 00:45:46 [error] [php] Undefined property: UserIdentity::$id (/Applications/MAMP/htdocs/yii/demos/sg/protected/components/UserIdentity.php:38)
Stack trace:
#0 /Applications/MAMP/htdocs/yii/framework/web/auth/CWebUser.php(223): UserIdentity->getId()
#1 /Applications/MAMP/htdocs/yii/demos/sg/protected/models/LoginForm.php(71): CWebUser->login()
#2 /Applications/MAMP/htdocs/yii/demos/sg/protected/controllers/SiteController.php(94): LoginForm->login()
#3 /Applications/MAMP/htdocs/yii/framework/web/actions/CInlineAction.php(49): SiteController->actionLogin()
#4 /Applications/MAMP/htdocs/yii/framework/web/CController.php(308): CInlineAction->runWithParams()
#5 /Applications/MAMP/htdocs/yii/framework/web/CController.php(286): SiteController->runAction()
#6 /Applications/MAMP/htdocs/yii/framework/web/CController.php(265): SiteController->runActionWithFilters()
#7 /Applications/MAMP/htdocs/yii/framework/web/CWebApplication.php(282): SiteController->run()
#8 /Applications/MAMP/htdocs/yii/framework/web/CWebApplication.php(141): CWebApplication->runController()
#9 /Applications/MAMP/htdocs/yii/framework/base/CApplication.php(169): CWebApplication->processRequest()
#10 /Applications/MAMP/htdocs/yii/demos/sg/index.php(13): CWebApplication->run()
REQUEST_URI=/yii/demos/sg/index.php?r=site/login
in /Applications/MAMP/htdocs/yii/demos/sg/protected/components/UserIdentity.php (38)
in /Applications/MAMP/htdocs/yii/demos/sg/protected/components/UserIdentity.php (38)
in /Applications/MAMP/htdocs/yii/demos/sg/protected/models/LoginForm.php (71)
2013/06/11 09:03:09 [error] [exception.CHttpException.403] exception 'CHttpException' with message 'You are not authorized to perform this action.' in /Applications/MAMP/htdocs/yii/framework/web/auth/CAccessControlFilter.php:179
Stack trace:
#0 /Applications/MAMP/htdocs/yii/framework/web/auth/CAccessControlFilter.php(142): CAccessControlFilter->accessDenied(Object(CWebUser), 'You are not aut...')
#1 /Applications/MAMP/htdocs/yii/framework/web/filters/CFilter.php(38): CAccessControlFilter->preFilter(Object(CFilterChain))
#2 /Applications/MAMP/htdocs/yii/framework/web/CController.php(1145): CFilter->filter(Object(CFilterChain))
#3 /Applications/MAMP/htdocs/yii/framework/web/filters/CInlineFilter.php(58): CController->filterAccessControl(Object(CFilterChain))
#4 /Applications/MAMP/htdocs/yii/framework/web/filters/CFilterChain.php(130): CInlineFilter->filter(Object(CFilterChain))
#5 /Applications/MAMP/htdocs/yii/framework/web/CController.php(291): CFilterChain->run()
#6 /Applications/MAMP/htdocs/yii/framework/web/CController.php(265): CController->runActionWithFilters(Object(CInlineAction), Array)
#7 /Applications/MAMP/htdocs/yii/framework/web/CWebApplication.php(282): CController->run('admin')
#8 /Applications/MAMP/htdocs/yii/framework/web/CWebApplication.php(141): CWebApplication->runController('post/admin')
#9 /Applications/MAMP/htdocs/yii/framework/base/CApplication.php(169): CWebApplication->processRequest()
#10 /Applications/MAMP/htdocs/yii/demos/sg/index.php(13): CApplication->run()
#11 {main}
REQUEST_URI=/yii/demos/sg/index.php?r=post/admin
HTTP_REFERER=http://127.0.0.1/yii/demos/sg/index.php?r=post/create
---
2013/06/11 11:07:16 [error] [exception.CHttpException.404] exception 'CHttpException' with message 'Unable to resolve the request "user".' in /Applications/MAMP/htdocs/yii/framework/web/CWebApplication.php:286
Stack trace:
#0 /Applications/MAMP/htdocs/yii/framework/web/CWebApplication.php(141): CWebApplication->runController('user')
#1 /Applications/MAMP/htdocs/yii/framework/base/CApplication.php(169): CWebApplication->processRequest()
#2 /Applications/MAMP/htdocs/yii/demos/sg/index.php(13): CApplication->run()
#3 {main}
REQUEST_URI=/yii/demos/sg/index.php?r=user
---
2013/06/11 15:19:23 [error] [exception.CHttpException.404] exception 'CHttpException' with message 'Unable to resolve the request "user".' in /Applications/MAMP/htdocs/yii/framework/web/CWebApplication.php:286
Stack trace:
#0 /Applications/MAMP/htdocs/yii/framework/web/CWebApplication.php(141): CWebApplication->runController('user')
#1 /Applications/MAMP/htdocs/yii/framework/base/CApplication.php(169): CWebApplication->processRequest()
#2 /Applications/MAMP/htdocs/yii/demos/sg/index.php(13): CApplication->run()
#3 {main}
REQUEST_URI=/yii/demos/sg/index.php?r=user
---
